<?xml version="1.0" encoding="UTF-8"?>
<testng-results ignored="0" total="28" passed="28" failed="0" skipped="0">
  <reporter-output>
  </reporter-output>
  <suite started-at="2021-09-16T19:08:08 CDT" name="RegressionSuite" finished-at="2021-09-16T19:10:07 CDT" duration-ms="119366">
    <groups>
    </groups>
    <test started-at="2021-09-16T19:08:08 CDT" name="Forms Workflow" finished-at="2021-09-16T19:10:07 CDT" duration-ms="119366">
      <class name="Execution.formsWorkflow">
        <test-method is-config="true" signature="initializeFramework(java.lang.String,java.lang.String)[pri:0, instance:Execution.formsWorkflow@702b8b12]" started-at="2021-09-16T19:08:08 CDT" name="initializeFramework" finished-at="2021-09-16T19:08:11 CDT" duration-ms="2586" status="PASS">
          <params>
            <param index="0">
              <value>
                <![CDATA[chrome]]>
              </value>
            </param>
            <param index="1">
              <value>
                <![CDATA[https://localhost/LEAF_Request_Portal/admin/?a=form#]]>
              </value>
            </param>
          </params>
          <reporter-output>
          </reporter-output>
        </test-method> <!-- initializeFramework -->
        <test-method is-config="true" signature="setUp()[pri:0, instance:Execution.formsWorkflow@702b8b12]" started-at="2021-09-16T19:08:11 CDT" name="setUp" finished-at="2021-09-16T19:08:11 CDT" duration-ms="0" status="PASS">
          <reporter-output>
          </reporter-output>
        </test-method> <!-- setUp -->
        <test-method is-config="true" signature="setUp()[pri:0, instance:Execution.formsWorkflow@702b8b12]" started-at="2021-09-16T19:08:11 CDT" name="setUp" finished-at="2021-09-16T19:08:11 CDT" duration-ms="2" status="PASS">
          <reporter-output>
          </reporter-output>
        </test-method> <!-- setUp -->
        <test-method signature="testForCertPage()[pri:1, instance:Execution.formsWorkflow@702b8b12]" started-at="2021-09-16T19:08:11 CDT" name="testForCertPage" finished-at="2021-09-16T19:08:13 CDT" duration-ms="2736" status="PASS">
          <reporter-output>
          </reporter-output>
        </test-method> <!-- testForCertPage -->
        <test-method is-config="true" signature="setUp()[pri:0, instance:Execution.formsWorkflow@702b8b12]" started-at="2021-09-16T19:08:13 CDT" name="setUp" finished-at="2021-09-16T19:08:13 CDT" duration-ms="1" status="PASS">
          <reporter-output>
          </reporter-output>
        </test-method> <!-- setUp -->
        <test-method signature="clickCreateForm()[pri:102, instance:Execution.formsWorkflow@702b8b12]" started-at="2021-09-16T19:08:13 CDT" name="clickCreateForm" finished-at="2021-09-16T19:08:15 CDT" duration-ms="1133" status="PASS">
          <reporter-output>
          </reporter-output>
        </test-method> <!-- clickCreateForm -->
        <test-method is-config="true" signature="setUp()[pri:0, instance:Execution.formsWorkflow@702b8b12]" started-at="2021-09-16T19:08:15 CDT" name="setUp" finished-at="2021-09-16T19:08:15 CDT" duration-ms="0" status="PASS">
          <reporter-output>
          </reporter-output>
        </test-method> <!-- setUp -->
        <test-method signature="inputFormLabel()[pri:104, instance:Execution.formsWorkflow@702b8b12]" started-at="2021-09-16T19:08:15 CDT" name="inputFormLabel" finished-at="2021-09-16T19:08:17 CDT" duration-ms="2299" status="PASS">
          <reporter-output>
          </reporter-output>
        </test-method> <!-- inputFormLabel -->
        <test-method signature="inputFormDesc()[pri:106, instance:Execution.formsWorkflow@702b8b12]" started-at="2021-09-16T19:08:17 CDT" name="inputFormDesc" finished-at="2021-09-16T19:08:20 CDT" duration-ms="3569" status="PASS">
          <reporter-output>
          </reporter-output>
        </test-method> <!-- inputFormDesc -->
        <test-method is-config="true" signature="setUp()[pri:0, instance:Execution.formsWorkflow@702b8b12]" started-at="2021-09-16T19:08:17 CDT" name="setUp" finished-at="2021-09-16T19:08:17 CDT" duration-ms="0" status="PASS">
          <reporter-output>
          </reporter-output>
        </test-method> <!-- setUp -->
        <test-method signature="selectCancel()[pri:108, instance:Execution.formsWorkflow@702b8b12]" started-at="2021-09-16T19:08:20 CDT" name="selectCancel" finished-at="2021-09-16T19:08:21 CDT" duration-ms="1109" status="PASS">
          <reporter-output>
          </reporter-output>
        </test-method> <!-- selectCancel -->
        <test-method is-config="true" signature="setUp()[pri:0, instance:Execution.formsWorkflow@702b8b12]" started-at="2021-09-16T19:08:20 CDT" name="setUp" finished-at="2021-09-16T19:08:20 CDT" duration-ms="0" status="PASS">
          <reporter-output>
          </reporter-output>
        </test-method> <!-- setUp -->
        <test-method is-config="true" signature="setUp()[pri:0, instance:Execution.formsWorkflow@702b8b12]" started-at="2021-09-16T19:08:21 CDT" name="setUp" finished-at="2021-09-16T19:08:21 CDT" duration-ms="0" status="PASS">
          <reporter-output>
          </reporter-output>
        </test-method> <!-- setUp -->
        <test-method signature="clickCreateForm02()[pri:110, instance:Execution.formsWorkflow@702b8b12]" started-at="2021-09-16T19:08:22 CDT" name="clickCreateForm02" finished-at="2021-09-16T19:08:23 CDT" duration-ms="1131" status="PASS">
          <reporter-output>
          </reporter-output>
        </test-method> <!-- clickCreateForm02 -->
        <test-method is-config="true" signature="setUp()[pri:0, instance:Execution.formsWorkflow@702b8b12]" started-at="2021-09-16T19:08:23 CDT" name="setUp" finished-at="2021-09-16T19:08:23 CDT" duration-ms="1" status="PASS">
          <reporter-output>
          </reporter-output>
        </test-method> <!-- setUp -->
        <test-method signature="inputFormLabel02()[pri:112, instance:Execution.formsWorkflow@702b8b12]" started-at="2021-09-16T19:08:23 CDT" name="inputFormLabel02" finished-at="2021-09-16T19:08:25 CDT" duration-ms="2786" status="PASS">
          <reporter-output>
          </reporter-output>
        </test-method> <!-- inputFormLabel02 -->
        <test-method is-config="true" signature="setUp()[pri:0, instance:Execution.formsWorkflow@702b8b12]" started-at="2021-09-16T19:08:25 CDT" name="setUp" finished-at="2021-09-16T19:08:25 CDT" duration-ms="1" status="PASS">
          <reporter-output>
          </reporter-output>
        </test-method> <!-- setUp -->
        <test-method signature="inputFormDesc02()[pri:114, instance:Execution.formsWorkflow@702b8b12]" started-at="2021-09-16T19:08:25 CDT" name="inputFormDesc02" finished-at="2021-09-16T19:08:30 CDT" duration-ms="5027" status="PASS">
          <reporter-output>
          </reporter-output>
        </test-method> <!-- inputFormDesc02 -->
        <test-method is-config="true" signature="setUp()[pri:0, instance:Execution.formsWorkflow@702b8b12]" started-at="2021-09-16T19:08:30 CDT" name="setUp" finished-at="2021-09-16T19:08:30 CDT" duration-ms="1" status="PASS">
          <reporter-output>
          </reporter-output>
        </test-method> <!-- setUp -->
        <test-method signature="selectSave()[pri:116, instance:Execution.formsWorkflow@702b8b12]" started-at="2021-09-16T19:08:30 CDT" name="selectSave" finished-at="2021-09-16T19:08:32 CDT" duration-ms="1168" status="PASS">
          <reporter-output>
          </reporter-output>
        </test-method> <!-- selectSave -->
        <test-method is-config="true" signature="setUp()[pri:0, instance:Execution.formsWorkflow@702b8b12]" started-at="2021-09-16T19:08:32 CDT" name="setUp" finished-at="2021-09-16T19:08:32 CDT" duration-ms="2" status="PASS">
          <reporter-output>
          </reporter-output>
        </test-method> <!-- setUp -->
        <test-method signature="selectEditProperties()[pri:118, instance:Execution.formsWorkflow@702b8b12]" started-at="2021-09-16T19:08:32 CDT" name="selectEditProperties" finished-at="2021-09-16T19:09:29 CDT" duration-ms="56948" status="PASS">
          <reporter-output>
          </reporter-output>
        </test-method> <!-- selectEditProperties -->
        <test-method is-config="true" signature="setUp()[pri:0, instance:Execution.formsWorkflow@702b8b12]" started-at="2021-09-16T19:09:29 CDT" name="setUp" finished-at="2021-09-16T19:09:29 CDT" duration-ms="5" status="PASS">
          <reporter-output>
          </reporter-output>
        </test-method> <!-- setUp -->
        <test-method signature="selectWorkflow()[pri:120, instance:Execution.formsWorkflow@702b8b12]" started-at="2021-09-16T19:09:29 CDT" name="selectWorkflow" finished-at="2021-09-16T19:09:35 CDT" duration-ms="5907" status="PASS">
          <reporter-output>
          </reporter-output>
        </test-method> <!-- selectWorkflow -->
        <test-method is-config="true" signature="setUp()[pri:0, instance:Execution.formsWorkflow@702b8b12]" started-at="2021-09-16T19:09:35 CDT" name="setUp" finished-at="2021-09-16T19:09:35 CDT" duration-ms="9" status="PASS">
          <reporter-output>
          </reporter-output>
        </test-method> <!-- setUp -->
        <test-method signature="selectNeedToKnow()[pri:122, instance:Execution.formsWorkflow@702b8b12]" started-at="2021-09-16T19:09:35 CDT" name="selectNeedToKnow" finished-at="2021-09-16T19:09:38 CDT" duration-ms="3394" status="PASS">
          <reporter-output>
          </reporter-output>
        </test-method> <!-- selectNeedToKnow -->
        <test-method is-config="true" signature="setUp()[pri:0, instance:Execution.formsWorkflow@702b8b12]" started-at="2021-09-16T19:09:38 CDT" name="setUp" finished-at="2021-09-16T19:09:38 CDT" duration-ms="3" status="PASS">
          <reporter-output>
          </reporter-output>
        </test-method> <!-- setUp -->
        <test-method signature="selectAvailability()[pri:124, instance:Execution.formsWorkflow@702b8b12]" started-at="2021-09-16T19:09:38 CDT" name="selectAvailability" finished-at="2021-09-16T19:09:41 CDT" duration-ms="2934" status="PASS">
          <reporter-output>
          </reporter-output>
        </test-method> <!-- selectAvailability -->
        <test-method is-config="true" signature="setUp()[pri:0, instance:Execution.formsWorkflow@702b8b12]" started-at="2021-09-16T19:09:41 CDT" name="setUp" finished-at="2021-09-16T19:09:41 CDT" duration-ms="5" status="PASS">
          <reporter-output>
          </reporter-output>
        </test-method> <!-- setUp -->
        <test-method signature="selectSortPriority()[pri:126, instance:Execution.formsWorkflow@702b8b12]" started-at="2021-09-16T19:09:41 CDT" name="selectSortPriority" finished-at="2021-09-16T19:09:43 CDT" duration-ms="1357" status="PASS">
          <reporter-output>
          </reporter-output>
        </test-method> <!-- selectSortPriority -->
        <test-method is-config="true" signature="setUp()[pri:0, instance:Execution.formsWorkflow@702b8b12]" started-at="2021-09-16T19:09:43 CDT" name="setUp" finished-at="2021-09-16T19:09:43 CDT" duration-ms="20" status="PASS">
          <reporter-output>
          </reporter-output>
        </test-method> <!-- setUp -->
        <test-method signature="selectType()[pri:128, instance:Execution.formsWorkflow@702b8b12]" started-at="2021-09-16T19:09:43 CDT" name="selectType" finished-at="2021-09-16T19:09:46 CDT" duration-ms="3076" status="PASS">
          <reporter-output>
          </reporter-output>
        </test-method> <!-- selectType -->
        <test-method is-config="true" signature="setUp()[pri:0, instance:Execution.formsWorkflow@702b8b12]" started-at="2021-09-16T19:09:46 CDT" name="setUp" finished-at="2021-09-16T19:09:46 CDT" duration-ms="2" status="PASS">
          <reporter-output>
          </reporter-output>
        </test-method> <!-- setUp -->
        <test-method signature="selectSaveProperties()[pri:130, instance:Execution.formsWorkflow@702b8b12]" started-at="2021-09-16T19:09:46 CDT" name="selectSaveProperties" finished-at="2021-09-16T19:09:47 CDT" duration-ms="1286" status="PASS">
          <reporter-output>
          </reporter-output>
        </test-method> <!-- selectSaveProperties -->
        <test-method is-config="true" signature="setUp()[pri:0, instance:Execution.formsWorkflow@702b8b12]" started-at="2021-09-16T19:09:47 CDT" name="setUp" finished-at="2021-09-16T19:09:47 CDT" duration-ms="1" status="PASS">
          <reporter-output>
          </reporter-output>
        </test-method> <!-- setUp -->
        <test-method signature="selectEditCollaborators()[pri:132, instance:Execution.formsWorkflow@702b8b12]" started-at="2021-09-16T19:09:47 CDT" name="selectEditCollaborators" finished-at="2021-09-16T19:09:48 CDT" duration-ms="1491" status="PASS">
          <reporter-output>
          </reporter-output>
        </test-method> <!-- selectEditCollaborators -->
        <test-method is-config="true" signature="setUp()[pri:0, instance:Execution.formsWorkflow@702b8b12]" started-at="2021-09-16T19:09:48 CDT" name="setUp" finished-at="2021-09-16T19:09:48 CDT" duration-ms="4" status="PASS">
          <reporter-output>
          </reporter-output>
        </test-method> <!-- setUp -->
        <test-method signature="selectAddGroup()[pri:134, instance:Execution.formsWorkflow@702b8b12]" started-at="2021-09-16T19:09:48 CDT" name="selectAddGroup" finished-at="2021-09-16T19:09:50 CDT" duration-ms="1498" status="PASS">
          <reporter-output>
          </reporter-output>
        </test-method> <!-- selectAddGroup -->
        <test-method is-config="true" signature="setUp()[pri:0, instance:Execution.formsWorkflow@702b8b12]" started-at="2021-09-16T19:09:50 CDT" name="setUp" finished-at="2021-09-16T19:09:50 CDT" duration-ms="2" status="PASS">
          <reporter-output>
          </reporter-output>
        </test-method> <!-- setUp -->
        <test-method signature="selectAddCollaborators()[pri:136, instance:Execution.formsWorkflow@702b8b12]" started-at="2021-09-16T19:09:50 CDT" name="selectAddCollaborators" finished-at="2021-09-16T19:09:53 CDT" duration-ms="2845" status="PASS">
          <reporter-output>
          </reporter-output>
        </test-method> <!-- selectAddCollaborators -->
        <test-method is-config="true" signature="setUp()[pri:0, instance:Execution.formsWorkflow@702b8b12]" started-at="2021-09-16T19:09:53 CDT" name="setUp" finished-at="2021-09-16T19:09:53 CDT" duration-ms="2" status="PASS">
          <reporter-output>
          </reporter-output>
        </test-method> <!-- setUp -->
        <test-method signature="selectSaveCollaborators()[pri:138, instance:Execution.formsWorkflow@702b8b12]" started-at="2021-09-16T19:09:53 CDT" name="selectSaveCollaborators" finished-at="2021-09-16T19:09:54 CDT" duration-ms="1177" status="PASS">
          <reporter-output>
          </reporter-output>
        </test-method> <!-- selectSaveCollaborators -->
        <test-method is-config="true" signature="setUp()[pri:0, instance:Execution.formsWorkflow@702b8b12]" started-at="2021-09-16T19:09:54 CDT" name="setUp" finished-at="2021-09-16T19:09:54 CDT" duration-ms="3" status="PASS">
          <reporter-output>
          </reporter-output>
        </test-method> <!-- setUp -->
        <test-method signature="closeCollaborators()[pri:140, instance:Execution.formsWorkflow@702b8b12]" started-at="2021-09-16T19:09:54 CDT" name="closeCollaborators" finished-at="2021-09-16T19:09:55 CDT" duration-ms="1378" status="PASS">
          <reporter-output>
          </reporter-output>
        </test-method> <!-- closeCollaborators -->
        <test-method is-config="true" signature="setUp()[pri:0, instance:Execution.formsWorkflow@702b8b12]" started-at="2021-09-16T19:09:55 CDT" name="setUp" finished-at="2021-09-16T19:09:55 CDT" duration-ms="2" status="PASS">
          <reporter-output>
          </reporter-output>
        </test-method> <!-- setUp -->
        <test-method signature="selectEditCollaborators2()[pri:142, instance:Execution.formsWorkflow@702b8b12]" started-at="2021-09-16T19:09:55 CDT" name="selectEditCollaborators2" finished-at="2021-09-16T19:09:57 CDT" duration-ms="1379" status="PASS">
          <reporter-output>
          </reporter-output>
        </test-method> <!-- selectEditCollaborators2 -->
        <test-method is-config="true" signature="setUp()[pri:0, instance:Execution.formsWorkflow@702b8b12]" started-at="2021-09-16T19:09:57 CDT" name="setUp" finished-at="2021-09-16T19:09:57 CDT" duration-ms="2" status="PASS">
          <reporter-output>
          </reporter-output>
        </test-method> <!-- setUp -->
        <test-method signature="selectRemoveCollaborators()[pri:144, instance:Execution.formsWorkflow@702b8b12]" started-at="2021-09-16T19:09:57 CDT" name="selectRemoveCollaborators" finished-at="2021-09-16T19:09:58 CDT" duration-ms="1286" status="PASS">
          <reporter-output>
          </reporter-output>
        </test-method> <!-- selectRemoveCollaborators -->
        <test-method is-config="true" signature="setUp()[pri:0, instance:Execution.formsWorkflow@702b8b12]" started-at="2021-09-16T19:09:58 CDT" name="setUp" finished-at="2021-09-16T19:09:58 CDT" duration-ms="1" status="PASS">
          <reporter-output>
          </reporter-output>
        </test-method> <!-- setUp -->
        <test-method signature="selectAddGroup2()[pri:146, instance:Execution.formsWorkflow@702b8b12]" started-at="2021-09-16T19:09:58 CDT" name="selectAddGroup2" finished-at="2021-09-16T19:09:59 CDT" duration-ms="1310" status="PASS">
          <reporter-output>
          </reporter-output>
        </test-method> <!-- selectAddGroup2 -->
        <test-method is-config="true" signature="setUp()[pri:0, instance:Execution.formsWorkflow@702b8b12]" started-at="2021-09-16T19:09:59 CDT" name="setUp" finished-at="2021-09-16T19:09:59 CDT" duration-ms="5" status="PASS">
          <reporter-output>
          </reporter-output>
        </test-method> <!-- setUp -->
        <test-method signature="selectAddCollaborators2()[pri:148, instance:Execution.formsWorkflow@702b8b12]" started-at="2021-09-16T19:09:59 CDT" name="selectAddCollaborators2" finished-at="2021-09-16T19:10:03 CDT" duration-ms="3222" status="PASS">
          <reporter-output>
          </reporter-output>
        </test-method> <!-- selectAddCollaborators2 -->
        <test-method is-config="true" signature="setUp()[pri:0, instance:Execution.formsWorkflow@702b8b12]" started-at="2021-09-16T19:10:03 CDT" name="setUp" finished-at="2021-09-16T19:10:03 CDT" duration-ms="3" status="PASS">
          <reporter-output>
          </reporter-output>
        </test-method> <!-- setUp -->
        <test-method signature="selectSaveCollaborators2()[pri:150, instance:Execution.formsWorkflow@702b8b12]" started-at="2021-09-16T19:10:03 CDT" name="selectSaveCollaborators2" finished-at="2021-09-16T19:10:04 CDT" duration-ms="1474" status="PASS">
          <reporter-output>
          </reporter-output>
        </test-method> <!-- selectSaveCollaborators2 -->
        <test-method is-config="true" signature="setUp()[pri:0, instance:Execution.formsWorkflow@702b8b12]" started-at="2021-09-16T19:10:04 CDT" name="setUp" finished-at="2021-09-16T19:10:04 CDT" duration-ms="4" status="PASS">
          <reporter-output>
          </reporter-output>
        </test-method> <!-- setUp -->
        <test-method signature="closeCollaborators2()[pri:152, instance:Execution.formsWorkflow@702b8b12]" started-at="2021-09-16T19:10:04 CDT" name="closeCollaborators2" finished-at="2021-09-16T19:10:06 CDT" duration-ms="1607" status="PASS">
          <reporter-output>
          </reporter-output>
        </test-method> <!-- closeCollaborators2 -->
        <test-method is-config="true" signature="setUp()[pri:0, instance:Execution.formsWorkflow@702b8b12]" started-at="2021-09-16T19:10:06 CDT" name="setUp" finished-at="2021-09-16T19:10:06 CDT" duration-ms="3" status="PASS">
          <reporter-output>
          </reporter-output>
        </test-method> <!-- setUp -->
        <test-method signature="selectAddSectionHeading()[pri:154, instance:Execution.formsWorkflow@702b8b12]" started-at="2021-09-16T19:10:06 CDT" name="selectAddSectionHeading" finished-at="2021-09-16T19:10:07 CDT" duration-ms="1465" status="PASS">
          <reporter-output>
          </reporter-output>
        </test-method> <!-- selectAddSectionHeading -->
        <test-method is-config="true" signature="closeDown()[pri:0, instance:Execution.formsWorkflow@702b8b12]" started-at="2021-09-16T19:10:07 CDT" name="closeDown" finished-at="2021-09-16T19:10:07 CDT" duration-ms="2" status="PASS">
          <reporter-output>
          </reporter-output>
        </test-method> <!-- closeDown -->
      </class> <!-- Execution.formsWorkflow -->
    </test> <!-- Forms Workflow -->
  </suite> <!-- RegressionSuite -->
</testng-results>
