<?xml version="1.0" encoding="UTF-8"?>
<!-- Generated by org.testng.reporters.JUnitXMLReporter -->
<testsuite ignored="0" hostname="DESKTOP-OOHKJP3" failures="0" tests="26" name="Admin Page" time="75.734" errors="0" timestamp="2021-08-03T15:29:58 CDT">
  <testcase classname="Execution.adminPageTest" name="testForCertPage" time="2.496"/>
  <testcase classname="Execution.adminPageTest" name="verifyAdminPageTitle" time="0.021"/>
  <testcase classname="Execution.adminPageTest" name="adminHeaderHome" time="2.319"/>
  <testcase classname="Execution.adminPageTest" name="adminHeaderReportBuilder" time="3.378"/>
  <testcase classname="Execution.adminPageTest" name="adminHeaderSiteLinks" time="2.455"/>
  <testcase classname="Execution.adminPageTest" name="headerAdminHomeLinks" time="3.376"/>
  <testcase classname="Execution.adminPageTest" name="headerAdminUserAccessGroups" time="2.02"/>
  <testcase classname="Execution.adminPageTest" name="adminUserAccessGroupsLink" time="2.644"/>
  <testcase classname="Execution.adminPageTest" name="adminServiceChiefsLabel" time="2.913"/>
  <testcase classname="Execution.adminPageTest" name="adminWorkflowEditorButton" time="2.453"/>
  <testcase classname="Execution.adminPageTest" name="adminFormEditorButton" time="3.143"/>
  <testcase classname="Execution.adminPageTest" name="adminLeafLibraryButton" time="3.166"/>
  <testcase classname="Execution.adminPageTest" name="adminSiteSettingsButton" time="2.89"/>
  <testcase classname="Execution.adminPageTest" name="adminReportBuilderButton" time="2.966"/>
  <testcase classname="Execution.adminPageTest" name="adminTimelineExplorerButtonl" time="3.63"/>
  <testcase classname="Execution.adminPageTest" name="adminTemplateEditorButton" time="3.671"/>
  <testcase classname="Execution.adminPageTest" name="adminEmailTemplateEditorButton" time="2.89"/>
  <testcase classname="Execution.adminPageTest" name="adminLEAFProgrammerButton" time="2.9"/>
  <testcase classname="Execution.adminPageTest" name="adminFileManagerButton" time="2.872"/>
  <testcase classname="Execution.adminPageTest" name="adminSearchDatabaseButton" time="2.551"/>
  <testcase classname="Execution.adminPageTest" name="adminSyncServicesButton" time="2.672"/>
  <testcase classname="Execution.adminPageTest" name="adminUpdateDatabaseButton" time="2.859"/>
  <testcase classname="Execution.adminPageTest" name="adminImportSpreadsheetButton" time="3.447"/>
  <testcase classname="Execution.adminPageTest" name="adminMassActionsButton" time="2.976"/>
  <testcase classname="Execution.adminPageTest" name="adminInitiatorNewAccountButton" time="2.972"/>
  <testcase classname="Execution.adminPageTest" name="adminSitemapEditorButton" time="3.071"/>
</testsuite> <!-- Admin Page -->
