<?xml version="1.0" encoding="UTF-8"?>
<!-- Generated by org.testng.reporters.JUnitXMLReporter -->
<testsuite ignored="0" hostname="DESKTOP-OOHKJP3" failures="0" tests="26" name="Admin Page" time="70.198" errors="0" timestamp="2021-07-29T16:54:06 CDT">
  <testcase classname="Execution.adminPageTest" name="testForCertPage" time="2.464"/>
  <testcase classname="Execution.adminPageTest" name="verifyAdminPageTitle" time="0.015"/>
  <testcase classname="Execution.adminPageTest" name="adminHeaderHome" time="2.432"/>
  <testcase classname="Execution.adminPageTest" name="adminHeaderReportBuilder" time="3.163"/>
  <testcase classname="Execution.adminPageTest" name="adminHeaderSiteLinks" time="2.44"/>
  <testcase classname="Execution.adminPageTest" name="headerAdminHomeLinks" time="3.037"/>
  <testcase classname="Execution.adminPageTest" name="headerAdminUserAccessGroups" time="1.898"/>
  <testcase classname="Execution.adminPageTest" name="adminUserAccessGroupsLink" time="2.605"/>
  <testcase classname="Execution.adminPageTest" name="adminServiceChiefsLabel" time="2.81"/>
  <testcase classname="Execution.adminPageTest" name="adminWorkflowEditorButton" time="2.251"/>
  <testcase classname="Execution.adminPageTest" name="adminFormEditorButton" time="3.03"/>
  <testcase classname="Execution.adminPageTest" name="adminLeafLibraryButton" time="2.693"/>
  <testcase classname="Execution.adminPageTest" name="adminSiteSettingsButton" time="2.635"/>
  <testcase classname="Execution.adminPageTest" name="adminReportBuilderButton" time="3.195"/>
  <testcase classname="Execution.adminPageTest" name="adminTimelineExplorerButtonl" time="3.462"/>
  <testcase classname="Execution.adminPageTest" name="adminTemplateEditorButton" time="2.857"/>
  <testcase classname="Execution.adminPageTest" name="adminEmailTemplateEditorButton" time="2.702"/>
  <testcase classname="Execution.adminPageTest" name="adminLEAFProgrammerButton" time="2.755"/>
  <testcase classname="Execution.adminPageTest" name="adminFileManagerButton" time="2.588"/>
  <testcase classname="Execution.adminPageTest" name="adminSearchDatabaseButton" time="2.476"/>
  <testcase classname="Execution.adminPageTest" name="adminSyncServicesButton" time="2.535"/>
  <testcase classname="Execution.adminPageTest" name="adminUpdateDatabaseButton" time="2.538"/>
  <testcase classname="Execution.adminPageTest" name="adminImportSpreadsheetButton" time="3.372"/>
  <testcase classname="Execution.adminPageTest" name="adminMassActionsButton" time="2.914"/>
  <testcase classname="Execution.adminPageTest" name="adminInitiatorNewAccountButton" time="2.76"/>
  <testcase classname="Execution.adminPageTest" name="adminSitemapEditorButton" time="2.75"/>
</testsuite> <!-- Admin Page -->
