<?xml version="1.0" encoding="UTF-8"?>
<!-- Generated by org.testng.reporters.JUnitXMLReporter -->
<testsuite ignored="0" hostname="DESKTOP-OOHKJP3" failures="0" tests="12" name="Home Page" time="37.569" errors="0" timestamp="2021-08-03T15:26:30 CDT">
  <testcase classname="Execution.homePageTest" name="testForCertPage" time="2.711"/>
  <testcase classname="Execution.homePageTest" name="verifyPageTitle" time="0.014"/>
  <testcase classname="Execution.homePageTest" name="selectNewRequest" time="2.012"/>
  <testcase classname="Execution.homePageTest" name="selectInbox" time="4.253"/>
  <testcase classname="Execution.homePageTest" name="selectBookmarks" time="3.389"/>
  <testcase classname="Execution.homePageTest" name="selectReportBuilder" time="3.708"/>
  <testcase classname="Execution.homePageTest" name="showMoreRecords" time="2.585"/>
  <testcase classname="Execution.homePageTest" name="basicSearchNumber" time="2.739"/>
  <testcase classname="Execution.homePageTest" name="basicSearchText" time="3.654"/>
  <testcase classname="Execution.homePageTest" name="linksDropdown" time="2.109"/>
  <testcase classname="Execution.homePageTest" name="helpDropdown" time="1.598"/>
  <testcase classname="Execution.homePageTest" name="adminPanelPage" time="3.974"/>
</testsuite> <!-- Home Page -->
