<?xml version="1.0" encoding="UTF-8"?>
<!-- Generated by org.testng.reporters.JUnitXMLReporter -->
<testsuite ignored="0" hostname="DESKTOP-OOHKJP3" failures="0" tests="12" name="Home Page" time="32.083" errors="0" timestamp="2021-07-29T16:50:51 CDT">
  <testcase classname="Execution.homePageTest" name="testForCertPage" time="2.156"/>
  <testcase classname="Execution.homePageTest" name="verifyPageTitle" time="0.016"/>
  <testcase classname="Execution.homePageTest" name="selectNewRequest" time="1.683"/>
  <testcase classname="Execution.homePageTest" name="selectInbox" time="3.392"/>
  <testcase classname="Execution.homePageTest" name="selectBookmarks" time="3.265"/>
  <testcase classname="Execution.homePageTest" name="selectReportBuilder" time="3.279"/>
  <testcase classname="Execution.homePageTest" name="showMoreRecords" time="2.498"/>
  <testcase classname="Execution.homePageTest" name="basicSearchNumber" time="2.701"/>
  <testcase classname="Execution.homePageTest" name="basicSearchText" time="3.552"/>
  <testcase classname="Execution.homePageTest" name="linksDropdown" time="2.043"/>
  <testcase classname="Execution.homePageTest" name="helpDropdown" time="1.54"/>
  <testcase classname="Execution.homePageTest" name="adminPanelPage" time="3.642"/>
</testsuite> <!-- Home Page -->
