<?xml version="1.0" encoding="UTF-8"?>
<!-- Generated by org.testng.reporters.JUnitXMLReporter -->
<testsuite ignored="0" hostname="DESKTOP-OOHKJP3" failures="0" tests="30" name="New Request Workflow" time="36.5" errors="0" timestamp="2021-07-29T16:54:43 CDT">
  <testcase classname="Execution.createNewRequest" name="testForCertPage" time="1.852"/>
  <testcase classname="Execution.createNewRequest" name="selectNewRequest" time="1.153"/>
  <testcase classname="Execution.createNewRequest" name="selectService" time="1.493"/>
  <testcase classname="Execution.createNewRequest" name="selectServiceAcuteCare" time="0.927"/>
  <testcase classname="Execution.createNewRequest" name="selectRequestPriority" time="0.924"/>
  <testcase classname="Execution.createNewRequest" name="selectRequestNormalPriority" time="0.878"/>
  <testcase classname="Execution.createNewRequest" name="inputRequestTitle" time="1.022"/>
  <testcase classname="Execution.createNewRequest" name="selectMRTestChkBox" time="1.15"/>
  <testcase classname="Execution.createNewRequest" name="selectClickToProceedButton" time="1.715"/>
  <testcase classname="Execution.createNewRequest" name="cancelRequest" time="0.608"/>
  <testcase classname="Execution.createNewRequest" name="confirmCancelNo" time="0.6"/>
  <testcase classname="Execution.createNewRequest" name="cancelRequest2" time="0.64"/>
  <testcase classname="Execution.createNewRequest" name="confirmCancelYes" time="0.773"/>
  <testcase classname="Execution.createNewRequest" name="returnToHomePage" time="1.244"/>
  <testcase classname="Execution.createNewRequest" name="selectNewRequest2" time="1.013"/>
  <testcase classname="Execution.createNewRequest" name="selectService2" time="1.491"/>
  <testcase classname="Execution.createNewRequest" name="selectServiceAcuteCare2" time="0.962"/>
  <testcase classname="Execution.createNewRequest" name="selectRequestPriority2" time="1.017"/>
  <testcase classname="Execution.createNewRequest" name="selectRequestNormalPriority2" time="0.969"/>
  <testcase classname="Execution.createNewRequest" name="inputRequestTitle2" time="1.03"/>
  <testcase classname="Execution.createNewRequest" name="selectMRTestChkBox2" time="0.988"/>
  <testcase classname="Execution.createNewRequest" name="selectClickToProceedButton2" time="1.83"/>
  <testcase classname="Execution.createNewRequest" name="enterFirstAndLastName" time="0.989"/>
  <testcase classname="Execution.createNewRequest" name="enterMiddleInitial" time="0.992"/>
  <testcase classname="Execution.createNewRequest" name="selectNextQuestion2" time="0.924"/>
  <testcase classname="Execution.createNewRequest" name="selectThirdQuestion" time="1.24"/>
  <testcase classname="Execution.createNewRequest" name="selectNextQuestion" time="0.929"/>
  <testcase classname="Execution.createNewRequest" name="selectSubmitRequest" time="2.659"/>
  <testcase classname="Execution.createNewRequest" name="enterRequestCommend" time="1.735"/>
  <testcase classname="Execution.createNewRequest" name="selectAcceptJob" time="1.013"/>
</testsuite> <!-- New Request Workflow -->
