<?xml version="1.0" encoding="UTF-8"?>
<!-- Generated by org.testng.reporters.JUnitXMLReporter -->
<testsuite ignored="0" hostname="DESKTOP-OOHKJP3" failures="0" tests="30" name="New Request Workflow" time="40.531" errors="0" timestamp="2021-08-03T15:30:39 CDT">
  <testcase classname="Execution.createNewRequest" name="testForCertPage" time="1.887"/>
  <testcase classname="Execution.createNewRequest" name="selectNewRequest" time="1.247"/>
  <testcase classname="Execution.createNewRequest" name="selectService" time="1.576"/>
  <testcase classname="Execution.createNewRequest" name="selectServiceAcuteCare" time="0.956"/>
  <testcase classname="Execution.createNewRequest" name="selectRequestPriority" time="0.965"/>
  <testcase classname="Execution.createNewRequest" name="selectRequestNormalPriority" time="0.918"/>
  <testcase classname="Execution.createNewRequest" name="inputRequestTitle" time="1.087"/>
  <testcase classname="Execution.createNewRequest" name="selectMRTestChkBox" time="1.254"/>
  <testcase classname="Execution.createNewRequest" name="selectClickToProceedButton" time="1.829"/>
  <testcase classname="Execution.createNewRequest" name="cancelRequest" time="0.667"/>
  <testcase classname="Execution.createNewRequest" name="confirmCancelNo" time="0.706"/>
  <testcase classname="Execution.createNewRequest" name="cancelRequest2" time="0.783"/>
  <testcase classname="Execution.createNewRequest" name="confirmCancelYes" time="0.889"/>
  <testcase classname="Execution.createNewRequest" name="returnToHomePage" time="1.385"/>
  <testcase classname="Execution.createNewRequest" name="selectNewRequest2" time="1.125"/>
  <testcase classname="Execution.createNewRequest" name="selectService2" time="1.585"/>
  <testcase classname="Execution.createNewRequest" name="selectServiceAcuteCare2" time="1.073"/>
  <testcase classname="Execution.createNewRequest" name="selectRequestPriority2" time="1.115"/>
  <testcase classname="Execution.createNewRequest" name="selectRequestNormalPriority2" time="1.063"/>
  <testcase classname="Execution.createNewRequest" name="inputRequestTitle2" time="1.124"/>
  <testcase classname="Execution.createNewRequest" name="selectMRTestChkBox2" time="1.061"/>
  <testcase classname="Execution.createNewRequest" name="selectClickToProceedButton2" time="1.891"/>
  <testcase classname="Execution.createNewRequest" name="enterFirstAndLastName" time="1.079"/>
  <testcase classname="Execution.createNewRequest" name="enterMiddleInitial" time="1.1"/>
  <testcase classname="Execution.createNewRequest" name="selectNextQuestion2" time="1.119"/>
  <testcase classname="Execution.createNewRequest" name="selectThirdQuestion" time="1.296"/>
  <testcase classname="Execution.createNewRequest" name="selectNextQuestion" time="1.051"/>
  <testcase classname="Execution.createNewRequest" name="selectSubmitRequest" time="2.899"/>
  <testcase classname="Execution.createNewRequest" name="enterRequestCommend" time="1.94"/>
  <testcase classname="Execution.createNewRequest" name="selectAcceptJob" time="1.144"/>
</testsuite> <!-- New Request Workflow -->
