<?xml version="1.0" encoding="UTF-8"?>
<!-- Generated by org.testng.reporters.JUnitXMLReporter -->
<testsuite ignored="0" hostname="DESKTOP-OOHKJP3" failures="0" tests="9" name="Org Chart Workflow" time="23.054" errors="0" timestamp="2021-08-03T15:31:02 CDT">
  <testcase classname="Execution.orgChartWorkflow" name="testForCertPage" time="2.096"/>
  <testcase classname="Execution.orgChartWorkflow" name="searchByEmployee" time="3.968"/>
  <testcase classname="Execution.orgChartWorkflow" name="verifySearchByEmployee" time="0.544"/>
  <testcase classname="Execution.orgChartWorkflow" name="searchByPosition" time="6.078"/>
  <testcase classname="Execution.orgChartWorkflow" name="verifySearchByPosition" time="0.289"/>
  <testcase classname="Execution.orgChartWorkflow" name="searchByGroup" time="2.501"/>
  <testcase classname="Execution.orgChartWorkflow" name="verifySearchByGroup" time="0.351"/>
  <testcase classname="Execution.orgChartWorkflow" name="searchByServices" time="4.155"/>
  <testcase classname="Execution.orgChartWorkflow" name="verifySearchByService" time="0.309"/>
</testsuite> <!-- Org Chart Workflow -->
