<?xml version="1.0" encoding="UTF-8"?>
<!-- Generated by org.testng.reporters.JUnitXMLReporter -->
<testsuite ignored="0" hostname="DESKTOP-OOHKJP3" failures="0" tests="9" name="Org Chart Workflow" time="21.087" errors="0" timestamp="2021-07-29T16:55:04 CDT">
  <testcase classname="Execution.orgChartWorkflow" name="testForCertPage" time="2.084"/>
  <testcase classname="Execution.orgChartWorkflow" name="searchByEmployee" time="3.642"/>
  <testcase classname="Execution.orgChartWorkflow" name="verifySearchByEmployee" time="0.536"/>
  <testcase classname="Execution.orgChartWorkflow" name="searchByPosition" time="5.911"/>
  <testcase classname="Execution.orgChartWorkflow" name="verifySearchByPosition" time="0.271"/>
  <testcase classname="Execution.orgChartWorkflow" name="searchByGroup" time="2.382"/>
  <testcase classname="Execution.orgChartWorkflow" name="verifySearchByGroup" time="0.298"/>
  <testcase classname="Execution.orgChartWorkflow" name="searchByServices" time="3.929"/>
  <testcase classname="Execution.orgChartWorkflow" name="verifySearchByService" time="0.306"/>
</testsuite> <!-- Org Chart Workflow -->
