<?xml version="1.0" encoding="UTF-8"?>
<!-- Generated by org.testng.reporters.JUnitXMLReporter -->
<testsuite ignored="0" hostname="DESKTOP-OOHKJP3" failures="0" tests="46" name="Report Builder Workflow" time="65.667" errors="0" timestamp="2021-08-25T11:52:44 CDT">
  <testcase classname="Execution.reportBuilderWorkflow" name="testForCertPage" time="1.91"/>
  <testcase classname="Execution.reportBuilderWorkflow" name="clickReportBuilder" time="1.462"/>
  <testcase classname="Execution.reportBuilderWorkflow" name="inputTextBox01" time="1.701"/>
  <testcase classname="Execution.reportBuilderWorkflow" name="selectAnd01" time="1.034"/>
  <testcase classname="Execution.reportBuilderWorkflow" name="clickServiceButton02" time="1.614"/>
  <testcase classname="Execution.reportBuilderWorkflow" name="selectOr01" time="0.906"/>
  <testcase classname="Execution.reportBuilderWorkflow" name="inputTextBox03" time="1.644"/>
  <testcase classname="Execution.reportBuilderWorkflow" name="clickServiceButton03" time="2.128"/>
  <testcase classname="Execution.reportBuilderWorkflow" name="selectAnd02" time="1.085"/>
  <testcase classname="Execution.reportBuilderWorkflow" name="clickTypeButton01" time="2.206"/>
  <testcase classname="Execution.reportBuilderWorkflow" name="inputTextBox04" time="3.495"/>
  <testcase classname="Execution.reportBuilderWorkflow" name="selectAnd03" time="1.015"/>
  <testcase classname="Execution.reportBuilderWorkflow" name="clickTypeButton02" time="1.921"/>
  <testcase classname="Execution.reportBuilderWorkflow" name="clickIsNot" time="1.916"/>
  <testcase classname="Execution.reportBuilderWorkflow" name="selectNextStep" time="1.107"/>
  <testcase classname="Execution.reportBuilderWorkflow" name="selectCheckboxService" time="1.052"/>
  <testcase classname="Execution.reportBuilderWorkflow" name="selectCheckboxRequestType" time="1.065"/>
  <testcase classname="Execution.reportBuilderWorkflow" name="selectCheckboxCurrentStatus" time="1.023"/>
  <testcase classname="Execution.reportBuilderWorkflow" name="selectCheckboxInitiator" time="0.805"/>
  <testcase classname="Execution.reportBuilderWorkflow" name="selectCheckboxActionButton" time="1.07"/>
  <testcase classname="Execution.reportBuilderWorkflow" name="selectCheckboxCommentHistory" time="1.046"/>
  <testcase classname="Execution.reportBuilderWorkflow" name="selectCheckboxApprovalHistory" time="1.044"/>
  <testcase classname="Execution.reportBuilderWorkflow" name="selectCheckboxLastAction" time="1.001"/>
  <testcase classname="Execution.reportBuilderWorkflow" name="selectCheckboxLastMovement" time="1.041"/>
  <testcase classname="Execution.reportBuilderWorkflow" name="selectCheckboxMRTest" time="1.089"/>
  <testcase classname="Execution.reportBuilderWorkflow" name="selectMRTestField1" time="1.042"/>
  <testcase classname="Execution.reportBuilderWorkflow" name="selectMRTestField2" time="1.059"/>
  <testcase classname="Execution.reportBuilderWorkflow" name="selectMRTestField3" time="1.065"/>
  <testcase classname="Execution.reportBuilderWorkflow" name="selectGenerateReport" time="1.124"/>
  <testcase classname="Execution.reportBuilderWorkflow" name="inputReportName" time="3.82"/>
  <testcase classname="Execution.reportBuilderWorkflow" name="selectModifyReport" time="0.986"/>
  <testcase classname="Execution.reportBuilderWorkflow" name="removeInitiator" time="0.992"/>
  <testcase classname="Execution.reportBuilderWorkflow" name="selectAnd04" time="1.059"/>
  <testcase classname="Execution.reportBuilderWorkflow" name="clickTypeButton03" time="1.9"/>
  <testcase classname="Execution.reportBuilderWorkflow" name="inputTextBox05" time="2.748"/>
  <testcase classname="Execution.reportBuilderWorkflow" name="selectNextStep02" time="1.062"/>
  <testcase classname="Execution.reportBuilderWorkflow" name="selectGenerateReport02" time="1.006"/>
  <testcase classname="Execution.reportBuilderWorkflow" name="selectEditLabels" time="1.093"/>
  <testcase classname="Execution.reportBuilderWorkflow" name="saveEditLabels" time="1.047"/>
  <testcase classname="Execution.reportBuilderWorkflow" name="selectShareReport" time="1.087"/>
  <testcase classname="Execution.reportBuilderWorkflow" name="clickEmailReport" time="1.064"/>
  <testcase classname="Execution.reportBuilderWorkflow" name="closeEmailDialogue" time="0.946"/>
  <testcase classname="Execution.reportBuilderWorkflow" name="selectExportReport" time="0.922"/>
  <testcase classname="Execution.reportBuilderWorkflow" name="selectJSON" time="0.957"/>
  <testcase classname="Execution.reportBuilderWorkflow" name="jsonShortenLink" time="1.001"/>
  <testcase classname="Execution.reportBuilderWorkflow" name="jsonCloseForm" time="0.968"/>
</testsuite> <!-- Report Builder Workflow -->
