<?xml version="1.0" encoding="UTF-8"?>
<!-- Generated by org.testng.reporters.JUnitXMLReporter -->
<testsuite ignored="0" hostname="DESKTOP-OOHKJP3" failures="0" tests="62" name="User Access Groups" time="125.008" errors="0" timestamp="2021-07-29T16:52:56 CDT">
  <testcase classname="Execution.adminUserAccessTest" name="testForCertPage" time="2.878"/>
  <testcase classname="Execution.adminUserAccessTest" name="userAccessHeaderHome" time="2.228"/>
  <testcase classname="Execution.adminUserAccessTest" name="userAccessHeaderReportBuilder" time="2.157"/>
  <testcase classname="Execution.adminUserAccessTest" name="userAccessHeaderSiteLinks" time="1.517"/>
  <testcase classname="Execution.adminUserAccessTest" name="userAccessHeaderHomeLinks" time="2.372"/>
  <testcase classname="Execution.adminUserAccessTest" name="filterByGroup" time="1.463"/>
  <testcase classname="Execution.adminUserAccessTest" name="filterByGroupClear" time="0.578"/>
  <testcase classname="Execution.adminUserAccessTest" name="filterByName1" time="1.711"/>
  <testcase classname="Execution.adminUserAccessTest" name="selectedSysAdmin" time="0.848"/>
  <testcase classname="Execution.adminUserAccessTest" name="clickHistory" time="1.753"/>
  <testcase classname="Execution.adminUserAccessTest" name="closeHistory" time="1.434"/>
  <testcase classname="Execution.adminUserAccessTest" name="cancelPopUpMenu" time="2.008"/>
  <testcase classname="Execution.adminUserAccessTest" name="filterByName2" time="3.932"/>
  <testcase classname="Execution.adminUserAccessTest" name="selectedSysAdmin2" time="2.483"/>
  <testcase classname="Execution.adminUserAccessTest" name="inputAdminCandidate" time="1.913"/>
  <testcase classname="Execution.adminUserAccessTest" name="selectAdminCandidate" time="2.531"/>
  <testcase classname="Execution.adminUserAccessTest" name="clickAddAdministrator" time="2.526"/>
  <testcase classname="Execution.adminUserAccessTest" name="recallSysAdminDialogue" time="2.505"/>
  <testcase classname="Execution.adminUserAccessTest" name="verifyAddAdministrator" time="2.441"/>
  <testcase classname="Execution.adminUserAccessTest" name="removeAddedAdministrator" time="2.495"/>
  <testcase classname="Execution.adminUserAccessTest" name="clickLeftMenuSysAdmins" time="1.551"/>
  <testcase classname="Execution.adminUserAccessTest" name="clickLeftUserGroups" time="1.484"/>
  <testcase classname="Execution.adminUserAccessTest" name="clickLeftMenuAllGroups" time="1.518"/>
  <testcase classname="Execution.adminUserAccessTest" name="clickLeftMenuCreateGroup" time="1.503"/>
  <testcase classname="Execution.adminUserAccessTest" name="inputGroupTitle" time="7.912"/>
  <testcase classname="Execution.adminUserAccessTest" name="clickSaveButton" time="1.481"/>
  <testcase classname="Execution.adminUserAccessTest" name="getNewlyCreatedUserGroup" time="1.485"/>
  <testcase classname="Execution.adminUserAccessTest" name="findMemberInputBox" time="2.692"/>
  <testcase classname="Execution.adminUserAccessTest" name="selectGroupMember" time="1.513"/>
  <testcase classname="Execution.adminUserAccessTest" name="saveNameToGroup1" time="1.465"/>
  <testcase classname="Execution.adminUserAccessTest" name="getNewlyCreatedUserGroup2" time="1.494"/>
  <testcase classname="Execution.adminUserAccessTest" name="findMemberInputBox2" time="2.667"/>
  <testcase classname="Execution.adminUserAccessTest" name="selectGroupMember2" time="1.488"/>
  <testcase classname="Execution.adminUserAccessTest" name="saveNameToGroup2" time="1.464"/>
  <testcase classname="Execution.adminUserAccessTest" name="getNewlyCreatedUserGroup3" time="1.464"/>
  <testcase classname="Execution.adminUserAccessTest" name="getGroupMember1" time="2.45"/>
  <testcase classname="Execution.adminUserAccessTest" name="removeGroupMember1" time="2.526"/>
  <testcase classname="Execution.adminUserAccessTest" name="getNewlyCreatedUserGroup4" time="1.448"/>
  <testcase classname="Execution.adminUserAccessTest" name="deleteUserGroup" time="1.464"/>
  <testcase classname="Execution.adminUserAccessTest" name="cancelDeleteUserGroup" time="1.499"/>
  <testcase classname="Execution.adminUserAccessTest" name="deleteUserGroup2" time="1.494"/>
  <testcase classname="Execution.adminUserAccessTest" name="confirmDeleteUserGroup" time="1.48"/>
  <testcase classname="Execution.adminUserAccessTest" name="selectImportGroup" time="1.487"/>
  <testcase classname="Execution.adminUserAccessTest" name="cancelDialogueBox" time="1.492"/>
  <testcase classname="Execution.adminUserAccessTest" name="selectImportGroup2" time="1.514"/>
  <testcase classname="Execution.adminUserAccessTest" name="inputImportGroupTitle" time="5.016"/>
  <testcase classname="Execution.adminUserAccessTest" name="selectGroupBasedOnSearch" time="1.497"/>
  <testcase classname="Execution.adminUserAccessTest" name="selectImportedGroupOnPage" time="1.386"/>
  <testcase classname="Execution.adminUserAccessTest" name="inputImportGroupMember1" time="2.959"/>
  <testcase classname="Execution.adminUserAccessTest" name="saveGroup" time="1.546"/>
  <testcase classname="Execution.adminUserAccessTest" name="selectImportedGroupOnPage2" time="1.497"/>
  <testcase classname="Execution.adminUserAccessTest" name="inputImportGroupMember2" time="4.466"/>
  <testcase classname="Execution.adminUserAccessTest" name="saveGroup2" time="1.484"/>
  <testcase classname="Execution.adminUserAccessTest" name="selectImportedGroup" time="1.468"/>
  <testcase classname="Execution.adminUserAccessTest" name="viewHistory" time="1.514"/>
  <testcase classname="Execution.adminUserAccessTest" name="closeViewHistory" time="1.453"/>
  <testcase classname="Execution.adminUserAccessTest" name="deleteUserGroup3" time="1.49"/>
  <testcase classname="Execution.adminUserAccessTest" name="confirmDeleteUserGroup4" time="1.493"/>
  <testcase classname="Execution.adminUserAccessTest" name="runDeleteUserGroup" time="1.46"/>
  <testcase classname="Execution.adminUserAccessTest" name="confirmDeleteUserGroup2" time="1.48"/>
  <testcase classname="Execution.adminUserAccessTest" name="clickedLeftMenuShowHistory" time="1.535"/>
  <testcase classname="Execution.adminUserAccessTest" name="closeShowHistory" time="1.515"/>
</testsuite> <!-- User Access Groups -->
