<?xml version="1.0" encoding="UTF-8"?>
<!-- Generated by org.testng.reporters.JUnitXMLReporter -->
<testsuite ignored="0" hostname="DESKTOP-OOHKJP3" failures="0" tests="8" name="User Access Groups" time="17.24" errors="0" timestamp="2021-08-03T16:18:18 CDT">
  <testcase classname="Execution.adminUserAccessTest" name="testForCertPage" time="2.179"/>
  <testcase classname="Execution.adminUserAccessTest" name="userAccessHeaderHome" time="1.642"/>
  <testcase classname="Execution.adminUserAccessTest" name="userAccessHeaderReportBuilder" time="1.924"/>
  <testcase classname="Execution.adminUserAccessTest" name="userAccessHeaderSiteLinks" time="1.482"/>
  <testcase classname="Execution.adminUserAccessTest" name="userAccessHeaderHomeLinks" time="2.555"/>
  <testcase classname="Execution.adminUserAccessTest" name="filterByGroup" time="1.525"/>
  <testcase classname="Execution.adminUserAccessTest" name="filterByGroupClear" time="0.98"/>
  <testcase classname="Execution.adminUserAccessTest" name="filterByName1" time="2.623"/>
</testsuite> <!-- User Access Groups -->
